{
  "stats": {
    "suites": 2,
    "tests": 2,
    "passes": 2,
    "pending": 0,
    "failures": 0,
    "start": "2023-11-30T08:56:24.918Z",
    "end": "2023-11-30T08:57:24.492Z",
    "duration": 59574,
    "testsRegistered": 2,
    "passPercent": 100,
    "pendingPercent": 0,
    "other": 0,
    "hasOther": false,
    "skipped": 0,
    "hasSkipped": false
  },
  "results": [
    {
      "uuid": "398c5d5c-8401-4c15-88b8-402869e2516b",
      "title": "",
      "fullFile": "",
      "file": "",
      "beforeHooks": [],
      "afterHooks": [],
      "tests": [],
      "suites": [
        {
          "uuid": "5b32c8a8-4027-434b-ad85-0a5232213296",
          "title": "Home Page Tests",
          "fullFile": "C:\\Users\\admin\\Desktop\\SeleniumJS\\test\\firstTest.js",
          "file": "\\test\\firstTest.js",
          "beforeHooks": [],
          "afterHooks": [],
          "tests": [
            {
              "title": "Check homepage title",
              "fullTitle": "Home Page Tests Check homepage title",
              "timedOut": null,
              "duration": 53032,
              "state": "passed",
              "speed": "slow",
              "pass": true,
              "fail": false,
              "pending": false,
              "context": null,
              "code": "const mainPage = \"https://kdlolympsite.ddirection.kz/\";\n// launch the browser\nlet driver = await new Builder().forBrowser(\"firefox\").build();\n// navigate to the main page\nawait driver.get(mainPage);\n//sleep\nawait driver.sleep(2000);\nlet homeTitle = await driver\n  .findElement(By.xpath(`//*[@id=\"__nuxt\"]/div/main/div[1]/h1/span`))\n  .getText()\n  .then(function (value) {\n    return value;\n  });\n// assert using chai assertion\nhomeTitle.should.equal(\"Клинико-диагностические лаборатории ОЛИМП\");\n//sleep\nawait driver.sleep(2000);\n// close the browser\nawait driver.quit();",
              "err": {},
              "uuid": "fc4a8682-ee16-4c84-ab99-385be14b7e3b",
              "parentUUID": null,
              "isHook": false,
              "skipped": false
            }
          ],
          "suites": [],
          "passes": [
            "fc4a8682-ee16-4c84-ab99-385be14b7e3b"
          ],
          "failures": [],
          "pending": [],
          "skipped": [],
          "duration": 53032,
          "root": false,
          "rootEmpty": false,
          "_timeout": null
        },
        {
          "uuid": "5d0eed70-6e71-48d4-8948-cc53e7d2f5a0",
          "title": "Home Page Tests 2",
          "fullFile": "C:\\Users\\admin\\Desktop\\SeleniumJS\\test\\secondTest.js",
          "file": "\\test\\secondTest.js",
          "beforeHooks": [],
          "afterHooks": [],
          "tests": [
            {
              "title": "Check homepage title 2",
              "fullTitle": "Home Page Tests 2 Check homepage title 2",
              "timedOut": null,
              "duration": 58794,
              "state": "passed",
              "speed": "slow",
              "pass": true,
              "fail": false,
              "pending": false,
              "context": null,
              "code": "const mainPage = \"https://kdlolympsite.ddirection.kz/\";\n// launch the browser\nlet driver = await new Builder().forBrowser(\"firefox\").build();\n// navigate to the main page\nawait driver.get(mainPage);\n//sleep\nawait driver.sleep(2000);\nlet homeTitle = await driver\n  .findElement(By.xpath(`//*[@id=\"__nuxt\"]/div/main/div[1]/h1/span`))\n  .getText()\n  .then(function (value) {\n    return value;\n  });\n// assert using chai assertion\nhomeTitle.should.equal(\"Клинико-диагностические лаборатории ОЛИМП\");\n//sleep\nawait driver.sleep(2000);\n// close the browser\nawait driver.quit();",
              "err": {},
              "uuid": "6bf2dbfd-819c-4bf6-adb0-cb198f6fb959",
              "parentUUID": null,
              "isHook": false,
              "skipped": false
            }
          ],
          "suites": [],
          "passes": [
            "6bf2dbfd-819c-4bf6-adb0-cb198f6fb959"
          ],
          "failures": [],
          "pending": [],
          "skipped": [],
          "duration": 58794,
          "root": false,
          "rootEmpty": false,
          "_timeout": null
        }
      ],
      "passes": [],
      "failures": [],
      "pending": [],
      "skipped": [],
      "duration": 0,
      "root": true,
      "rootEmpty": true,
      "_timeout": 0
    }
  ],
  "meta": {
    "mocha": {
      "version": "10.2.0"
    },
    "mochawesome": {
      "options": {
        "quiet": false,
        "reportFilename": "mochawesome",
        "saveHtml": true,
        "saveJson": true,
        "consoleReporter": "spec",
        "useInlineDiffs": false,
        "code": true
      },
      "version": "7.1.3"
    },
    "marge": {
      "options": {
        "reportDir": "C:/Users/admin/Desktop/SeleniumJS/testReports"
      },
      "version": "6.2.0"
    }
  }
}