{
  "stats": {
    "suites": 2,
    "tests": 2,
    "passes": 2,
    "pending": 0,
    "failures": 0,
    "start": "2023-11-30T08:39:02.984Z",
    "end": "2023-11-30T08:39:49.241Z",
    "duration": 46257,
    "testsRegistered": 2,
    "passPercent": 100,
    "pendingPercent": 0,
    "other": 0,
    "hasOther": false,
    "skipped": 0,
    "hasSkipped": false
  },
  "results": [
    {
      "uuid": "f8f35b8c-9703-4ac8-a2ab-307c92fa289e",
      "title": "",
      "fullFile": "",
      "file": "",
      "beforeHooks": [],
      "afterHooks": [],
      "tests": [],
      "suites": [
        {
          "uuid": "4ba493a0-55e6-41e7-9064-868ab20a02fd",
          "title": "Home Page Tests 2",
          "fullFile": "C:\\Users\\admin\\Desktop\\SeleniumJS\\test\\secondTest.js",
          "file": "\\test\\secondTest.js",
          "beforeHooks": [],
          "afterHooks": [],
          "tests": [
            {
              "title": "Check homepage title 2",
              "fullTitle": "Home Page Tests 2 Check homepage title 2",
              "timedOut": null,
              "duration": 40355,
              "state": "passed",
              "speed": "slow",
              "pass": true,
              "fail": false,
              "pending": false,
              "context": null,
              "code": "const mainPage = \"https://kdlolympsite.ddirection.kz/\";\n// launch the browser\nlet driver = await new Builder().forBrowser(\"firefox\").build();\n// navigate to the main page\nawait driver.get(mainPage);\n//sleep\nawait driver.sleep(2000);\nlet homeTitle = await driver\n  .findElement(By.xpath(`//*[@id=\"__nuxt\"]/div/main/div[1]/h1/span`))\n  .getText()\n  .then(function (value) {\n    return value;\n  });\n// assert using chai assertion\nhomeTitle.should.equal(\"Клинико-диагностические лаборатории ОЛИМП\");\n//sleep\nawait driver.sleep(2000);\n// close the browser\nawait driver.quit();",
              "err": {},
              "uuid": "0e7b6dbc-b13b-4c44-85de-8f0cffd54982",
              "parentUUID": null,
              "isHook": false,
              "skipped": false
            }
          ],
          "suites": [],
          "passes": [
            "0e7b6dbc-b13b-4c44-85de-8f0cffd54982"
          ],
          "failures": [],
          "pending": [],
          "skipped": [],
          "duration": 40355,
          "root": false,
          "rootEmpty": false,
          "_timeout": null
        },
        {
          "uuid": "615c014c-5300-4960-b266-26f188c67b2b",
          "title": "Home Page Tests",
          "fullFile": "C:\\Users\\admin\\Desktop\\SeleniumJS\\test\\firstTest.js",
          "file": "\\test\\firstTest.js",
          "beforeHooks": [],
          "afterHooks": [],
          "tests": [
            {
              "title": "Check homepage title",
              "fullTitle": "Home Page Tests Check homepage title",
              "timedOut": null,
              "duration": 45500,
              "state": "passed",
              "speed": "slow",
              "pass": true,
              "fail": false,
              "pending": false,
              "context": null,
              "code": "const mainPage = \"https://kdlolympsite.ddirection.kz/\";\n// launch the browser\nlet driver = await new Builder().forBrowser(\"firefox\").build();\n// navigate to the main page\nawait driver.get(mainPage);\n//sleep\nawait driver.sleep(2000);\nlet homeTitle = await driver\n  .findElement(By.xpath(`//*[@id=\"__nuxt\"]/div/main/div[1]/h1/span`))\n  .getText()\n  .then(function (value) {\n    return value;\n  });\n// assert using chai assertion\nhomeTitle.should.equal(\"Клинико-диагностические лаборатории ОЛИМП\");\n//sleep\nawait driver.sleep(2000);\n// close the browser\nawait driver.quit();",
              "err": {},
              "uuid": "737846e4-61ff-4080-9f2c-a9be9e11f60a",
              "parentUUID": null,
              "isHook": false,
              "skipped": false
            }
          ],
          "suites": [],
          "passes": [
            "737846e4-61ff-4080-9f2c-a9be9e11f60a"
          ],
          "failures": [],
          "pending": [],
          "skipped": [],
          "duration": 45500,
          "root": false,
          "rootEmpty": false,
          "_timeout": null
        }
      ],
      "passes": [],
      "failures": [],
      "pending": [],
      "skipped": [],
      "duration": 0,
      "root": true,
      "rootEmpty": true,
      "_timeout": 0
    }
  ],
  "meta": {
    "mocha": {
      "version": "10.2.0"
    },
    "mochawesome": {
      "options": {
        "quiet": false,
        "reportFilename": "mochawesome",
        "saveHtml": true,
        "saveJson": true,
        "consoleReporter": "spec",
        "useInlineDiffs": false,
        "code": true
      },
      "version": "7.1.3"
    },
    "marge": {
      "options": null,
      "version": "6.2.0"
    }
  }
}